<?xml version="1.0" encoding="UTF-8"?>
<!-- Generated by org.testng.reporters.JUnitXMLReporter -->
<testsuite ignored="4" hostname="DESKTOP-DM8UMLU" failures="0" tests="1" name="Default test" time="2.245" errors="0" timestamp="2024-01-21T14:44:04 IST">
  <testcase classname="test.AirlineAPITest" name="testGetAirlineById" time="1.988"/>
  <testcase classname="test.AirlineAPITest" name="testGetAllAirline" time="0.0">
    <ignored/>
  </testcase> <!-- testGetAllAirline -->
  <testcase classname="test.AirlineAPITest" name="testGetAirlineByName" time="0.0">
    <ignored/>
  </testcase> <!-- testGetAirlineByName -->
  <testcase classname="test.AirlineAPITest" name="testCreateAirline" time="0.0">
    <ignored/>
  </testcase> <!-- testCreateAirline -->
  <testcase classname="test.AirlineAPITest" name="testUpdateAirline" time="0.0">
    <ignored/>
  </testcase> <!-- testUpdateAirline -->
</testsuite> <!-- Default test -->
