<?xml version="1.0" encoding="UTF-8"?>
<testng-results ignored="4" total="5" passed="1" failed="0" skipped="0">
  <reporter-output>
  </reporter-output>
  <suite started-at="2024-01-21T14:44:02 IST" name="Default suite" finished-at="2024-01-21T14:44:04 IST" duration-ms="2245">
    <groups>
    </groups>
    <test started-at="2024-01-21T14:44:02 IST" name="Default test" finished-at="2024-01-21T14:44:04 IST" duration-ms="2245">
      <class name="test.AirlineAPITest">
        <test-method is-config="true" signature="setupData()[pri:0, instance:test.AirlineAPITest@4b741d6d]" started-at="2024-01-21T14:44:02 IST" name="setupData" finished-at="2024-01-21T14:44:02 IST" duration-ms="209" status="PASS">
          <reporter-output>
          </reporter-output>
        </test-method> <!-- setupData -->
        <test-method signature="testGetAirlineById()[pri:1, instance:test.AirlineAPITest@4b741d6d]" started-at="2024-01-21T14:44:02 IST" name="testGetAirlineById" finished-at="2024-01-21T14:44:04 IST" duration-ms="1988" status="PASS">
          <reporter-output>
          </reporter-output>
        </test-method> <!-- testGetAirlineById -->
      </class> <!-- test.AirlineAPITest -->
    </test> <!-- Default test -->
  </suite> <!-- Default suite -->
</testng-results>
